\BOOKMARK [0][-]{part.1}{Part 1. Introduction}{}% 1
\BOOKMARK [1][-]{section.1}{1. Motivation}{part.1}% 2
\BOOKMARK [1][-]{section.2}{2. So... What is a control system?}{part.1}% 3
\BOOKMARK [0][-]{part.2}{Part 2. J\341fizsla}{}% 4
\BOOKMARK [1][-]{section.3}{3. Motiva\347\343o}{part.2}% 5
\BOOKMARK [2][-]{subsection.3.1}{3.1. Campos Vetoriais e Fluxos}{section.3}% 6
\BOOKMARK [2][-]{subsection.3.2}{3.2. Sistemas de Controle}{section.3}% 7
\BOOKMARK [1][-]{section.4}{4. C\341lculo Cronol\363gico}{part.2}% 8
\BOOKMARK [2][-]{subsection.4.1}{4.1. Estruturas em uma variedade em termos da \341lgebra C\(M\)}{section.4}% 9
\BOOKMARK [2][-]{subsection.4.2}{4.2. Topologia em C\(M\)}{section.4}% 10
\BOOKMARK [2][-]{subsection.4.3}{4.3. Familias \340 1 par\342metro de funcionais e operadores}{section.4}% 11
\BOOKMARK [2][-]{subsection.4.4}{4.4. Campos n\343o-aut\364nomos e a exponencial cronol\363gica}{section.4}% 12
\BOOKMARK [2][-]{subsection.4.5}{4.5. O colchete de Lie e a Adjunta}{section.4}% 13
\BOOKMARK [1][-]{section.5}{5. O Teorema da \323rbita}{part.2}% 14
\BOOKMARK [2][-]{subsection.5.1}{5.1. Demonstra\347\343o do Teorema de Sussmann}{section.5}% 15
\BOOKMARK [2][-]{subsection.5.2}{5.2. Folhea\347\365es}{section.5}% 16
\BOOKMARK [2][-]{subsection.5.3}{5.3. Uma melhor descri\347\343o de Tp Op}{section.5}% 17
\BOOKMARK [2][-]{subsection.5.4}{5.4. Integra\347\343o de Distribui\347\365es}{section.5}% 18
\BOOKMARK [0][-]{part.3}{Part 3. Appendixes}{}% 19
\BOOKMARK [1][-]{section*.2}{References}{part.3}% 20
