\BOOKMARK [0][-]{part.1}{Parte 1. Resultados esperados e obtidos}{}% 1
\BOOKMARK [1][-]{section.1}{1. Plano Inicial}{part.1}% 2
\BOOKMARK [2][-]{subsection.1.1}{1.1. Resumo}{section.1}% 3
\BOOKMARK [2][-]{subsection.1.2}{1.2. \040Objetivos}{section.1}% 4
\BOOKMARK [2][-]{subsection.1.3}{1.3. Cronograma}{section.1}% 5
\BOOKMARK [1][-]{section.2}{2. Realiza\347\365es}{part.1}% 6
\BOOKMARK [2][-]{subsection.2.1}{2.1. Resultados previstos}{section.2}% 7
\BOOKMARK [2][-]{subsection.2.2}{2.2. Detalhamento das Realiza\347\365es}{section.2}% 8
\BOOKMARK [0][-]{part.2}{Parte 2. Colet\342nia de Resultados}{}% 9
\BOOKMARK [1][-]{section.3}{3. Motiva\347\343o}{part.2}% 10
\BOOKMARK [2][-]{subsection.3.1}{3.1. Campos Vetoriais e Fluxos}{section.3}% 11
\BOOKMARK [2][-]{subsection.3.2}{3.2. Sistemas de Controle}{section.3}% 12
\BOOKMARK [1][-]{section.4}{4. C\341lculo Cronol\363gico}{part.2}% 13
\BOOKMARK [2][-]{subsection.4.1}{4.1. Estruturas em uma variedade em termos da \341lgebra C\(M\)}{section.4}% 14
\BOOKMARK [2][-]{subsection.4.2}{4.2. Topologia em C\(M\)}{section.4}% 15
\BOOKMARK [2][-]{subsection.4.3}{4.3. Familias \340 1 par\342metro de funcionais e operadores}{section.4}% 16
\BOOKMARK [2][-]{subsection.4.4}{4.4. Campos n\343o-aut\364nomos e a exponencial cronol\363gica}{section.4}% 17
\BOOKMARK [2][-]{subsection.4.5}{4.5. O colchete de Lie e a Adjunta}{section.4}% 18
\BOOKMARK [1][-]{section.5}{5. O Teorema da \323rbita}{part.2}% 19
\BOOKMARK [2][-]{subsection.5.1}{5.1. Demonstra\347\343o do Teorema de Sussmann}{section.5}% 20
\BOOKMARK [2][-]{subsection.5.2}{5.2. Folhea\347\365es}{section.5}% 21
\BOOKMARK [2][-]{subsection.5.3}{5.3. Uma melhor descri\347\343o de Tp Op}{section.5}% 22
\BOOKMARK [2][-]{subsection.5.4}{5.4. Integra\347\343o de Distribui\347\365es}{section.5}% 23
\BOOKMARK [1][-]{section*.2}{Refer\352ncias}{part.2}% 24
